<?xml version="1.0" encoding="utf-8"?>
<coverage line-rate="0.7384000000000001" branch-rate="0.6233" version="1.9" timestamp="1783844336" lines-covered="929" lines-valid="1258" branches-covered="485" branches-valid="778">
  <sources>
    <source>/home/andy/Projects/Raptor/Raptor/</source>
  </sources>
  <packages>
    <package name="Raptor" line-rate="0.7384000000000001" branch-rate="0.6233" complexity="829">
      <classes>
        <class name="Program" filename="Program.cs" line-rate="0" branch-rate="1" complexity="1">
          <methods>
            <method name="&lt;Main&gt;$" signature="(System.String[])" line-rate="0" branch-rate="1" complexity="1">
              <lines>
                <line number="3" hits="0" branch="False" />
                <line number="4" hits="0" branch="False" />
                <line number="5" hits="0" branch="False" />
                <line number="6" hits="0" branch="False" />
              </lines>
            </method>
          </methods>
          <lines>
            <line number="3" hits="0" branch="False" />
            <line number="4" hits="0" branch="False" />
            <line number="5" hits="0" branch="False" />
            <line number="6" hits="0" branch="False" />
          </lines>
        </class>
        <class name="Raptor.Assembler" filename="Assembler.cs" line-rate="0.8325" branch-rate="0.6228" complexity="292">
          <methods>
            <method name="RegisterHostMethod" signature="(System.String,System.UInt32)" line-rate="1" branch-rate="0.5" complexity="2">
              <lines>
                <line number="15" hits="4" branch="True" condition-coverage="50% (1/2)">
                  <conditions>
                    <condition number="11" type="jump" coverage="50%" />
                  </conditions>
                </line>
                <line number="16" hits="4" branch="False" />
                <line number="17" hits="4" branch="False" />
                <line number="18" hits="4" branch="False" />
              </lines>
            </method>
            <method name="Parse" signature="(System.Collections.Generic.List`1&lt;System.String&gt;)" line-rate="0.841" branch-rate="0.6743000000000001" complexity="218">
              <lines>
                <line number="22" hits="17" branch="False" />
                <line number="25" hits="1370" branch="True" condition-coverage="100% (2/2)">
                  <conditions>
                    <condition number="399" type="jump" coverage="100%" />
                  </conditions>
                </line>
                <line number="27" hits="668" branch="True" condition-coverage="100% (2/2)">
                  <conditions>
                    <condition number="27" type="jump" coverage="100%" />
                  </conditions>
                </line>
                <line number="29" hits="76" branch="False" />
                <line number="30" hits="76" branch="False" />
                <line number="32" hits="592" branch="False" />
                <line number="33" hits="592" branch="False" />
                <line number="34" hits="592" branch="True" condition-coverage="100% (2/2)">
                  <conditions>
                    <condition number="111" type="jump" coverage="100%" />
                  </conditions>
                </line>
                <line number="36" hits="98" branch="True" condition-coverage="50% (1/2)">
                  <conditions>
                    <condition number="127" type="jump" coverage="50%" />
                  </conditions>
                </line>
                <line number="37" hits="0" branch="False" />
                <line number="38" hits="0" branch="False" />
                <line number="39" hits="0" branch="False" />
                <line number="42" hits="98" branch="False" />
                <line number="43" hits="98" branch="False" />
                <line number="48" hits="494" branch="True" condition-coverage="100% (2/2)">
                  <conditions>
                    <condition number="200" type="jump" coverage="100%" />
                  </conditions>
                </line>
                <line number="50" hits="50" branch="True" condition-coverage="100% (2/2)">
                  <conditions>
                    <condition number="217" type="jump" coverage="100%" />
                  </conditions>
                </line>
                <line number="52" hits="32" branch="False" />
                <line number="53" hits="32" branch="False" />
                <line number="56" hits="18" branch="False" />
                <line number="59" hits="3842" branch="True" condition-coverage="100% (2/2)">
                  <conditions>
                    <condition number="363" type="jump" coverage="100%" />
                  </conditions>
                </line>
                <line number="61" hits="135008" branch="True" condition-coverage="100% (2/2)">
                  <conditions>
                    <condition number="333" type="jump" coverage="100%" />
                  </conditions>
                </line>
                <line number="63" hits="66045" branch="True" condition-coverage="100% (2/2)">
                  <conditions>
                    <condition number="312" type="jump" coverage="100%" />
                  </conditions>
                </line>
                <line number="64" hits="523" branch="False" />
                <line number="67" hits="462" branch="False" />
                <line number="70" hits="17" branch="False" />
                <line number="71" hits="17" branch="False" />
                <line number="72" hits="17" branch="False" />
                <line number="73" hits="17" branch="False" />
                <line number="74" hits="958" branch="True" condition-coverage="100% (2/2)">
                  <conditions>
                    <condition number="744" type="jump" coverage="100%" />
                  </conditions>
                </line>
                <line number="76" hits="462" branch="True" condition-coverage="100% (2/2)">
                  <conditions>
                    <condition number="447" type="jump" coverage="100%" />
                  </conditions>
                </line>
                <line number="78" hits="31" branch="True" condition-coverage="100% (2/2)">
                  <conditions>
                    <condition number="467" type="jump" coverage="100%" />
                  </conditions>
                </line>
                <line number="80" hits="31" branch="True" condition-coverage="50% (1/2)">
                  <conditions>
                    <condition number="494" type="jump" coverage="50%" />
                  </conditions>
                </line>
                <line number="81" hits="0" branch="False" />
                <line number="82" hits="0" branch="False" />
                <line number="83" hits="0" branch="False" />
                <line number="86" hits="31" branch="False" />
                <line number="87" hits="31" branch="False" />
                <line number="91" hits="431" branch="True" condition-coverage="100% (2/2)">
                  <conditions>
                    <condition number="571" type="jump" coverage="100%" />
                  </conditions>
                </line>
                <line number="93" hits="9" branch="True" condition-coverage="100% (2/2)">
                  <conditions>
                    <condition number="591" type="jump" coverage="100%" />
                  </conditions>
                </line>
                <line number="95" hits="9" branch="True" condition-coverage="50% (1/2)">
                  <conditions>
                    <condition number="612" type="jump" coverage="50%" />
                  </conditions>
                </line>
                <line number="96" hits="0" branch="False" />
                <line number="97" hits="0" branch="False" />
                <line number="98" hits="0" branch="False" />
                <line number="99" hits="0" branch="False" />
                <line number="102" hits="9" branch="False" />
                <line number="103" hits="9" branch="False" />
                <line number="104" hits="9" branch="False" />
                <line number="108" hits="422" branch="True" condition-coverage="100% (2/2)">
                  <conditions>
                    <condition number="718" type="jump" coverage="100%" />
                  </conditions>
                </line>
                <line number="109" hits="4" branch="False" />
                <line number="111" hits="418" branch="False" />
                <line number="113" hits="17" branch="False" />
                <line number="114" hits="17" branch="False" />
                <line number="115" hits="878" branch="True" condition-coverage="100% (2/2)">
                  <conditions>
                    <condition number="4020" type="jump" coverage="100%" />
                  </conditions>
                </line>
                <line number="117" hits="422" branch="False" />
                <line number="118" hits="422" branch="False" />
                <line number="119" hits="422" branch="False" />
                <line number="122" hits="422" branch="True" condition-coverage="61.42% (86/140)">
                  <conditions>
                    <condition number="880" type="jump" coverage="50%" />
                    <condition number="898" type="switch" coverage="85.71%" />
                    <condition number="946" type="jump" coverage="50%" />
                    <condition number="955" type="jump" coverage="100%" />
                    <condition number="988" type="jump" coverage="100%" />
                    <condition number="994" type="jump" coverage="100%" />
                    <condition number="1038" type="jump" coverage="100%" />
                    <condition number="1047" type="jump" coverage="100%" />
                    <condition number="1080" type="jump" coverage="100%" />
                    <condition number="1086" type="jump" coverage="100%" />
                    <condition number="1110" type="switch" coverage="62.5%" />
                    <condition number="1147" type="jump" coverage="50%" />
                    <condition number="1180" type="jump" coverage="100%" />
                    <condition number="1189" type="jump" coverage="100%" />
                    <condition number="1247" type="jump" coverage="100%" />
                    <condition number="1256" type="jump" coverage="100%" />
                    <condition number="1289" type="jump" coverage="100%" />
                    <condition number="1298" type="jump" coverage="100%" />
                    <condition number="964" type="jump" coverage="50%" />
                    <condition number="1004" type="switch" coverage="50%" />
                    <condition number="1056" type="jump" coverage="50%" />
                    <condition number="1095" type="jump" coverage="50%" />
                    <condition number="1571" type="jump" coverage="50%" />
                    <condition number="1156" type="jump" coverage="0%" />
                    <condition number="1199" type="switch" coverage="57.14%" />
                    <condition number="1764" type="jump" coverage="50%" />
                    <condition number="1781" type="jump" coverage="50%" />
                    <condition number="1798" type="jump" coverage="50%" />
                    <condition number="1265" type="jump" coverage="50%" />
                    <condition number="1307" type="jump" coverage="50%" />
                    <condition number="1329" type="jump" coverage="50%" />
                    <condition number="1395" type="jump" coverage="50%" />
                    <condition number="1549" type="jump" coverage="50%" />
                    <condition number="1351" type="jump" coverage="50%" />
                    <condition number="1588" type="jump" coverage="50%" />
                    <condition number="1610" type="jump" coverage="50%" />
                    <condition number="1632" type="jump" coverage="50%" />
                    <condition number="1654" type="jump" coverage="50%" />
                    <condition number="1676" type="jump" coverage="50%" />
                    <condition number="1742" type="jump" coverage="50%" />
                    <condition number="1815" type="jump" coverage="50%" />
                    <condition number="1925" type="jump" coverage="50%" />
                    <condition number="1991" type="jump" coverage="50%" />
                    <condition number="2013" type="jump" coverage="50%" />
                    <condition number="2035" type="jump" coverage="50%" />
                    <condition number="1698" type="jump" coverage="50%" />
                    <condition number="1417" type="jump" coverage="50%" />
                    <condition number="1439" type="jump" coverage="50%" />
                    <condition number="1837" type="jump" coverage="50%" />
                    <condition number="1373" type="jump" coverage="50%" />
                    <condition number="1461" type="jump" coverage="50%" />
                    <condition number="1859" type="jump" coverage="50%" />
                    <condition number="1483" type="jump" coverage="50%" />
                    <condition number="1505" type="jump" coverage="50%" />
                    <condition number="1527" type="jump" coverage="50%" />
                    <condition number="1720" type="jump" coverage="50%" />
                    <condition number="1881" type="jump" coverage="50%" />
                    <condition number="1903" type="jump" coverage="50%" />
                    <condition number="1947" type="jump" coverage="50%" />
                    <condition number="1969" type="jump" coverage="50%" />
                  </conditions>
                </line>
                <line number="125" hits="96" branch="False" />
                <line number="126" hits="96" branch="False" />
                <line number="128" hits="8" branch="False" />
                <line number="129" hits="8" branch="False" />
                <line number="131" hits="1" branch="False" />
                <line number="133" hits="1" branch="False" />
                <line number="134" hits="1" branch="False" />
                <line number="135" hits="1" branch="False" />
                <line number="150" hits="149" branch="False" />
                <line number="153" hits="149" branch="True" condition-coverage="100% (2/2)">
                  <conditions>
                    <condition number="2195" type="jump" coverage="100%" />
                  </conditions>
                </line>
                <line number="155" hits="116" branch="False" />
                <line number="159" hits="33" branch="False" />
                <line number="163" hits="149" branch="True" condition-coverage="100% (2/2)">
                  <conditions>
                    <condition number="2260" type="jump" coverage="100%" />
                  </conditions>
                </line>
                <line number="165" hits="94" branch="False" />
                <line number="169" hits="55" branch="False" />
                <line number="172" hits="149" branch="False" />
                <line number="173" hits="149" branch="False" />
                <line number="174" hits="149" branch="False" />
                <line number="175" hits="149" branch="False" />
                <line number="176" hits="149" branch="False" />
                <line number="177" hits="149" branch="False" />
                <line number="178" hits="149" branch="False" />
                <line number="182" hits="25" branch="False" />
                <line number="184" hits="25" branch="True" condition-coverage="50% (1/2)">
                  <conditions>
                    <condition number="2369" type="jump" coverage="50%" />
                  </conditions>
                </line>
                <line number="186" hits="25" branch="False" />
                <line number="190" hits="0" branch="False" />
                <line number="193" hits="25" branch="True" condition-coverage="100% (2/2)">
                  <conditions>
                    <condition number="2434" type="jump" coverage="100%" />
                  </conditions>
                </line>
                <line number="195" hits="16" branch="False" />
                <line number="199" hits="9" branch="False" />
                <line number="201" hits="25" branch="False" />
                <line number="202" hits="25" branch="False" />
                <line number="203" hits="25" branch="False" />
                <line number="204" hits="25" branch="False" />
                <line number="205" hits="25" branch="False" />
                <line number="206" hits="25" branch="False" />
                <line number="207" hits="25" branch="False" />
                <line number="209" hits="1" branch="False" />
                <line number="212" hits="1" branch="True" condition-coverage="50% (1/2)">
                  <conditions>
                    <condition number="2550" type="jump" coverage="50%" />
                  </conditions>
                </line>
                <line number="214" hits="1" branch="False" />
                <line number="218" hits="0" branch="False" />
                <line number="221" hits="1" branch="False" />
                <line number="222" hits="1" branch="False" />
                <line number="227" hits="29" branch="False" />
                <line number="228" hits="29" branch="False" />
                <line number="229" hits="0" branch="False" />
                <line number="231" hits="0" branch="False" />
                <line number="232" hits="0" branch="False" />
                <line number="235" hits="29" branch="False" />
                <line number="236" hits="29" branch="False" />
                <line number="238" hits="24" branch="False" />
                <line number="239" hits="24" branch="True" condition-coverage="100% (2/2)">
                  <conditions>
                    <condition number="2705" type="jump" coverage="100%" />
                  </conditions>
                </line>
                <line number="241" hits="20" branch="False" />
                <line number="243" hits="4" branch="True" condition-coverage="50% (1/2)">
                  <conditions>
                    <condition number="2730" type="jump" coverage="50%" />
                  </conditions>
                </line>
                <line number="245" hits="4" branch="False" />
                <line number="249" hits="0" branch="False" />
                <line number="250" hits="0" branch="False" />
                <line number="252" hits="24" branch="False" />
                <line number="253" hits="24" branch="False" />
                <line number="254" hits="24" branch="False" />
                <line number="256" hits="11" branch="False" />
                <line number="257" hits="11" branch="False" />
                <line number="258" hits="11" branch="False" />
                <line number="259" hits="11" branch="False" />
                <line number="263" hits="18" branch="True" condition-coverage="50% (1/2)">
                  <conditions>
                    <condition number="2876" type="jump" coverage="50%" />
                  </conditions>
                </line>
                <line number="265" hits="18" branch="False" />
                <line number="269" hits="0" branch="False" />
                <line number="272" hits="18" branch="False" />
                <line number="273" hits="18" branch="False" />
                <line number="275" hits="9" branch="False" />
                <line number="276" hits="9" branch="False" />
                <line number="277" hits="9" branch="False" />
                <line number="280" hits="2" branch="True" condition-coverage="100% (2/2)">
                  <conditions>
                    <condition number="3005" type="jump" coverage="100%" />
                  </conditions>
                </line>
                <line number="282" hits="1" branch="False" />
                <line number="286" hits="1" branch="False" />
                <line number="289" hits="2" branch="False" />
                <line number="290" hits="2" branch="False" />
                <line number="293" hits="18" branch="False" />
                <line number="294" hits="18" branch="False" />
                <line number="296" hits="1" branch="False" />
                <line number="297" hits="1" branch="True" condition-coverage="50% (1/2)">
                  <conditions>
                    <condition number="3120" type="jump" coverage="50%" />
                  </conditions>
                </line>
                <line number="299" hits="1" branch="False" />
                <line number="303" hits="0" branch="False" />
                <line number="305" hits="1" branch="False" />
                <line number="306" hits="1" branch="False" />
                <line number="308" hits="1" branch="False" />
                <line number="309" hits="1" branch="True" condition-coverage="50% (1/2)">
                  <conditions>
                    <condition number="3226" type="jump" coverage="50%" />
                  </conditions>
                </line>
                <line number="311" hits="1" branch="False" />
                <line number="315" hits="0" branch="False" />
                <line number="317" hits="1" branch="False" />
                <line number="318" hits="1" branch="False" />
                <line number="320" hits="4" branch="False" />
                <line number="322" hits="4" branch="True" condition-coverage="100% (2/2)">
                  <conditions>
                    <condition number="3347" type="jump" coverage="100%" />
                  </conditions>
                </line>
                <line number="323" hits="2" branch="False" />
                <line number="325" hits="2" branch="False" />
                <line number="328" hits="4" branch="True" condition-coverage="50% (1/2)">
                  <conditions>
                    <condition number="3412" type="jump" coverage="50%" />
                  </conditions>
                </line>
                <line number="329" hits="0" branch="False" />
                <line number="331" hits="4" branch="False" />
                <line number="332" hits="4" branch="False" />
                <line number="333" hits="4" branch="True" condition-coverage="25% (2/8)">
                  <conditions>
                    <condition number="3484" type="jump" coverage="50%" />
                    <condition number="3498" type="jump" coverage="0%" />
                    <condition number="3512" type="jump" coverage="0%" />
                    <condition number="3526" type="jump" coverage="50%" />
                  </conditions>
                </line>
                <line number="336" hits="4" branch="False" />
                <line number="337" hits="4" branch="False" />
                <line number="339" hits="0" branch="False" />
                <line number="340" hits="0" branch="False" />
                <line number="342" hits="0" branch="False" />
                <line number="343" hits="0" branch="False" />
                <line number="345" hits="0" branch="False" />
                <line number="348" hits="4" branch="False" />
                <line number="349" hits="4" branch="False" />
                <line number="350" hits="4" branch="False" />
                <line number="351" hits="4" branch="False" />
                <line number="352" hits="4" branch="False" />
                <line number="353" hits="4" branch="False" />
                <line number="358" hits="20" branch="True" condition-coverage="83.33% (5/6)">
                  <conditions>
                    <condition number="3642" type="jump" coverage="100%" />
                    <condition number="3656" type="jump" coverage="100%" />
                    <condition number="3670" type="jump" coverage="50%" />
                  </conditions>
                </line>
                <line number="361" hits="8" branch="False" />
                <line number="362" hits="8" branch="False" />
                <line number="364" hits="11" branch="False" />
                <line number="365" hits="11" branch="False" />
                <line number="367" hits="1" branch="False" />
                <line number="368" hits="1" branch="False" />
                <line number="370" hits="0" branch="False" />
                <line number="373" hits="20" branch="False" />
                <line number="376" hits="20" branch="True" condition-coverage="100% (2/2)">
                  <conditions>
                    <condition number="3743" type="jump" coverage="100%" />
                  </conditions>
                </line>
                <line number="377" hits="13" branch="False" />
                <line number="379" hits="7" branch="False" />
                <line number="380" hits="20" branch="False" />
                <line number="381" hits="20" branch="False" />
                <line number="383" hits="5" branch="False" />
                <line number="384" hits="5" branch="False" />
                <line number="385" hits="5" branch="False" />
                <line number="387" hits="0" branch="False" />
                <line number="389" hits="422" branch="False" />
                <line number="390" hits="0" branch="False" />
                <line number="392" hits="0" branch="False" />
                <line number="393" hits="0" branch="False" />
                <line number="395" hits="422" branch="False" />
                <line number="396" hits="422" branch="False" />
                <line number="398" hits="17" branch="False" />
                <line number="399" hits="17" branch="False" />
              </lines>
            </method>
            <method name="GetOpCode" signature="(System.String)" line-rate="0.5882000000000001" branch-rate="0.4637" complexity="69">
              <lines>
                <line number="406" hits="44" branch="True" condition-coverage="46.37% (32/69)">
                  <conditions>
                    <condition number="1" type="jump" coverage="50%" />
                    <condition number="16" type="switch" coverage="57.14%" />
                    <condition number="61" type="jump" coverage="100%" />
                    <condition number="66" type="jump" coverage="100%" />
                    <condition number="87" type="jump" coverage="100%" />
                    <condition number="95" type="jump" coverage="50%" />
                    <condition number="121" type="jump" coverage="100%" />
                    <condition number="129" type="jump" coverage="100%" />
                    <condition number="158" type="jump" coverage="50%" />
                    <condition number="163" type="jump" coverage="50%" />
                    <condition number="184" type="jump" coverage="0%" />
                    <condition number="103" type="jump" coverage="50%" />
                    <condition number="255" type="jump" coverage="50%" />
                    <condition number="74" type="jump" coverage="50%" />
                    <condition number="137" type="jump" coverage="50%" />
                    <condition number="394" type="jump" coverage="100%" />
                    <condition number="192" type="jump" coverage="0%" />
                    <condition number="171" type="jump" coverage="0%" />
                    <condition number="213" type="jump" coverage="50%" />
                    <condition number="234" type="jump" coverage="50%" />
                    <condition number="292" type="jump" coverage="50%" />
                    <condition number="271" type="jump" coverage="0%" />
                    <condition number="313" type="jump" coverage="0%" />
                    <condition number="334" type="jump" coverage="50%" />
                    <condition number="355" type="jump" coverage="50%" />
                    <condition number="376" type="jump" coverage="50%" />
                    <condition number="467" type="jump" coverage="50%" />
                    <condition number="407" type="jump" coverage="50%" />
                    <condition number="482" type="jump" coverage="0%" />
                    <condition number="422" type="jump" coverage="0%" />
                    <condition number="437" type="jump" coverage="0%" />
                    <condition number="452" type="jump" coverage="0%" />
                  </conditions>
                </line>
                <line number="408" hits="18" branch="False" />
                <line number="410" hits="45" branch="False" />
                <line number="412" hits="6" branch="False" />
                <line number="414" hits="0" branch="False" />
                <line number="416" hits="0" branch="False" />
                <line number="418" hits="3" branch="False" />
                <line number="420" hits="11" branch="False" />
                <line number="422" hits="11" branch="False" />
                <line number="424" hits="15" branch="False" />
                <line number="426" hits="18" branch="False" />
                <line number="428" hits="3" branch="False" />
                <line number="430" hits="0" branch="False" />
                <line number="432" hits="0" branch="False" />
                <line number="434" hits="0" branch="False" />
                <line number="436" hits="0" branch="False" />
                <line number="438" hits="0" branch="False" />
              </lines>
            </method>
            <method name="ExecuteLoadC" signature="(System.String[])" line-rate="1" branch-rate="1" complexity="1">
              <lines>
                <line number="443" hits="96" branch="False" />
                <line number="444" hits="96" branch="False" />
                <line number="446" hits="96" branch="False" />
                <line number="448" hits="96" branch="False" />
              </lines>
            </method>
            <method name="ExecuteMove" signature="(System.String[])" line-rate="1" branch-rate="1" complexity="1">
              <lines>
                <line number="453" hits="8" branch="False" />
                <line number="455" hits="8" branch="False" />
                <line number="456" hits="8" branch="False" />
              </lines>
            </method>
            <method name=".ctor" signature="(Raptor.VMChunk)" line-rate="1" branch-rate="1" complexity="1">
              <lines>
                <line number="6" hits="17" branch="False" />
                <line number="8" hits="17" branch="False" />
                <line number="10" hits="17" branch="False" />
                <line number="11" hits="17" branch="False" />
              </lines>
            </method>
          </methods>
          <lines>
            <line number="15" hits="4" branch="True" condition-coverage="50% (1/2)">
              <conditions>
                <condition number="11" type="jump" coverage="50%" />
              </conditions>
            </line>
            <line number="16" hits="4" branch="False" />
            <line number="17" hits="4" branch="False" />
            <line number="18" hits="4" branch="False" />
            <line number="22" hits="17" branch="False" />
            <line number="25" hits="1370" branch="True" condition-coverage="100% (2/2)">
              <conditions>
                <condition number="399" type="jump" coverage="100%" />
              </conditions>
            </line>
            <line number="27" hits="668" branch="True" condition-coverage="100% (2/2)">
              <conditions>
                <condition number="27" type="jump" coverage="100%" />
              </conditions>
            </line>
            <line number="29" hits="76" branch="False" />
            <line number="30" hits="76" branch="False" />
            <line number="32" hits="592" branch="False" />
            <line number="33" hits="592" branch="False" />
            <line number="34" hits="592" branch="True" condition-coverage="100% (2/2)">
              <conditions>
                <condition number="111" type="jump" coverage="100%" />
              </conditions>
            </line>
            <line number="36" hits="98" branch="True" condition-coverage="50% (1/2)">
              <conditions>
                <condition number="127" type="jump" coverage="50%" />
              </conditions>
            </line>
            <line number="37" hits="0" branch="False" />
            <line number="38" hits="0" branch="False" />
            <line number="39" hits="0" branch="False" />
            <line number="42" hits="98" branch="False" />
            <line number="43" hits="98" branch="False" />
            <line number="48" hits="494" branch="True" condition-coverage="100% (2/2)">
              <conditions>
                <condition number="200" type="jump" coverage="100%" />
              </conditions>
            </line>
            <line number="50" hits="50" branch="True" condition-coverage="100% (2/2)">
              <conditions>
                <condition number="217" type="jump" coverage="100%" />
              </conditions>
            </line>
            <line number="52" hits="32" branch="False" />
            <line number="53" hits="32" branch="False" />
            <line number="56" hits="18" branch="False" />
            <line number="59" hits="3842" branch="True" condition-coverage="100% (2/2)">
              <conditions>
                <condition number="363" type="jump" coverage="100%" />
              </conditions>
            </line>
            <line number="61" hits="135008" branch="True" condition-coverage="100% (2/2)">
              <conditions>
                <condition number="333" type="jump" coverage="100%" />
              </conditions>
            </line>
            <line number="63" hits="66045" branch="True" condition-coverage="100% (2/2)">
              <conditions>
                <condition number="312" type="jump" coverage="100%" />
              </conditions>
            </line>
            <line number="64" hits="523" branch="False" />
            <line number="67" hits="462" branch="False" />
            <line number="70" hits="17" branch="False" />
            <line number="71" hits="17" branch="False" />
            <line number="72" hits="17" branch="False" />
            <line number="73" hits="17" branch="False" />
            <line number="74" hits="958" branch="True" condition-coverage="100% (2/2)">
              <conditions>
                <condition number="744" type="jump" coverage="100%" />
              </conditions>
            </line>
            <line number="76" hits="462" branch="True" condition-coverage="100% (2/2)">
              <conditions>
                <condition number="447" type="jump" coverage="100%" />
              </conditions>
            </line>
            <line number="78" hits="31" branch="True" condition-coverage="100% (2/2)">
              <conditions>
                <condition number="467" type="jump" coverage="100%" />
              </conditions>
            </line>
            <line number="80" hits="31" branch="True" condition-coverage="50% (1/2)">
              <conditions>
                <condition number="494" type="jump" coverage="50%" />
              </conditions>
            </line>
            <line number="81" hits="0" branch="False" />
            <line number="82" hits="0" branch="False" />
            <line number="83" hits="0" branch="False" />
            <line number="86" hits="31" branch="False" />
            <line number="87" hits="31" branch="False" />
            <line number="91" hits="431" branch="True" condition-coverage="100% (2/2)">
              <conditions>
                <condition number="571" type="jump" coverage="100%" />
              </conditions>
            </line>
            <line number="93" hits="9" branch="True" condition-coverage="100% (2/2)">
              <conditions>
                <condition number="591" type="jump" coverage="100%" />
              </conditions>
            </line>
            <line number="95" hits="9" branch="True" condition-coverage="50% (1/2)">
              <conditions>
                <condition number="612" type="jump" coverage="50%" />
              </conditions>
            </line>
            <line number="96" hits="0" branch="False" />
            <line number="97" hits="0" branch="False" />
            <line number="98" hits="0" branch="False" />
            <line number="99" hits="0" branch="False" />
            <line number="102" hits="9" branch="False" />
            <line number="103" hits="9" branch="False" />
            <line number="104" hits="9" branch="False" />
            <line number="108" hits="422" branch="True" condition-coverage="100% (2/2)">
              <conditions>
                <condition number="718" type="jump" coverage="100%" />
              </conditions>
            </line>
            <line number="109" hits="4" branch="False" />
            <line number="111" hits="418" branch="False" />
            <line number="113" hits="17" branch="False" />
            <line number="114" hits="17" branch="False" />
            <line number="115" hits="878" branch="True" condition-coverage="100% (2/2)">
              <conditions>
                <condition number="4020" type="jump" coverage="100%" />
              </conditions>
            </line>
            <line number="117" hits="422" branch="False" />
            <line number="118" hits="422" branch="False" />
            <line number="119" hits="422" branch="False" />
            <line number="122" hits="422" branch="True" condition-coverage="61.42% (86/140)">
              <conditions>
                <condition number="880" type="jump" coverage="50%" />
                <condition number="898" type="switch" coverage="85.71%" />
                <condition number="946" type="jump" coverage="50%" />
                <condition number="955" type="jump" coverage="100%" />
                <condition number="988" type="jump" coverage="100%" />
                <condition number="994" type="jump" coverage="100%" />
                <condition number="1038" type="jump" coverage="100%" />
                <condition number="1047" type="jump" coverage="100%" />
                <condition number="1080" type="jump" coverage="100%" />
                <condition number="1086" type="jump" coverage="100%" />
                <condition number="1110" type="switch" coverage="62.5%" />
                <condition number="1147" type="jump" coverage="50%" />
                <condition number="1180" type="jump" coverage="100%" />
                <condition number="1189" type="jump" coverage="100%" />
                <condition number="1247" type="jump" coverage="100%" />
                <condition number="1256" type="jump" coverage="100%" />
                <condition number="1289" type="jump" coverage="100%" />
                <condition number="1298" type="jump" coverage="100%" />
                <condition number="964" type="jump" coverage="50%" />
                <condition number="1004" type="switch" coverage="50%" />
                <condition number="1056" type="jump" coverage="50%" />
                <condition number="1095" type="jump" coverage="50%" />
                <condition number="1571" type="jump" coverage="50%" />
                <condition number="1156" type="jump" coverage="0%" />
                <condition number="1199" type="switch" coverage="57.14%" />
                <condition number="1764" type="jump" coverage="50%" />
                <condition number="1781" type="jump" coverage="50%" />
                <condition number="1798" type="jump" coverage="50%" />
                <condition number="1265" type="jump" coverage="50%" />
                <condition number="1307" type="jump" coverage="50%" />
                <condition number="1329" type="jump" coverage="50%" />
                <condition number="1395" type="jump" coverage="50%" />
                <condition number="1549" type="jump" coverage="50%" />
                <condition number="1351" type="jump" coverage="50%" />
                <condition number="1588" type="jump" coverage="50%" />
                <condition number="1610" type="jump" coverage="50%" />
                <condition number="1632" type="jump" coverage="50%" />
                <condition number="1654" type="jump" coverage="50%" />
                <condition number="1676" type="jump" coverage="50%" />
                <condition number="1742" type="jump" coverage="50%" />
                <condition number="1815" type="jump" coverage="50%" />
                <condition number="1925" type="jump" coverage="50%" />
                <condition number="1991" type="jump" coverage="50%" />
                <condition number="2013" type="jump" coverage="50%" />
                <condition number="2035" type="jump" coverage="50%" />
                <condition number="1698" type="jump" coverage="50%" />
                <condition number="1417" type="jump" coverage="50%" />
                <condition number="1439" type="jump" coverage="50%" />
                <condition number="1837" type="jump" coverage="50%" />
                <condition number="1373" type="jump" coverage="50%" />
                <condition number="1461" type="jump" coverage="50%" />
                <condition number="1859" type="jump" coverage="50%" />
                <condition number="1483" type="jump" coverage="50%" />
                <condition number="1505" type="jump" coverage="50%" />
                <condition number="1527" type="jump" coverage="50%" />
                <condition number="1720" type="jump" coverage="50%" />
                <condition number="1881" type="jump" coverage="50%" />
                <condition number="1903" type="jump" coverage="50%" />
                <condition number="1947" type="jump" coverage="50%" />
                <condition number="1969" type="jump" coverage="50%" />
              </conditions>
            </line>
            <line number="125" hits="96" branch="False" />
            <line number="126" hits="96" branch="False" />
            <line number="128" hits="8" branch="False" />
            <line number="129" hits="8" branch="False" />
            <line number="131" hits="1" branch="False" />
            <line number="133" hits="1" branch="False" />
            <line number="134" hits="1" branch="False" />
            <line number="135" hits="1" branch="False" />
            <line number="150" hits="149" branch="False" />
            <line number="153" hits="149" branch="True" condition-coverage="100% (2/2)">
              <conditions>
                <condition number="2195" type="jump" coverage="100%" />
              </conditions>
            </line>
            <line number="155" hits="116" branch="False" />
            <line number="159" hits="33" branch="False" />
            <line number="163" hits="149" branch="True" condition-coverage="100% (2/2)">
              <conditions>
                <condition number="2260" type="jump" coverage="100%" />
              </conditions>
            </line>
            <line number="165" hits="94" branch="False" />
            <line number="169" hits="55" branch="False" />
            <line number="172" hits="149" branch="False" />
            <line number="173" hits="149" branch="False" />
            <line number="174" hits="149" branch="False" />
            <line number="175" hits="149" branch="False" />
            <line number="176" hits="149" branch="False" />
            <line number="177" hits="149" branch="False" />
            <line number="178" hits="149" branch="False" />
            <line number="182" hits="25" branch="False" />
            <line number="184" hits="25" branch="True" condition-coverage="50% (1/2)">
              <conditions>
                <condition number="2369" type="jump" coverage="50%" />
              </conditions>
            </line>
            <line number="186" hits="25" branch="False" />
            <line number="190" hits="0" branch="False" />
            <line number="193" hits="25" branch="True" condition-coverage="100% (2/2)">
              <conditions>
                <condition number="2434" type="jump" coverage="100%" />
              </conditions>
            </line>
            <line number="195" hits="16" branch="False" />
            <line number="199" hits="9" branch="False" />
            <line number="201" hits="25" branch="False" />
            <line number="202" hits="25" branch="False" />
            <line number="203" hits="25" branch="False" />
            <line number="204" hits="25" branch="False" />
            <line number="205" hits="25" branch="False" />
            <line number="206" hits="25" branch="False" />
            <line number="207" hits="25" branch="False" />
            <line number="209" hits="1" branch="False" />
            <line number="212" hits="1" branch="True" condition-coverage="50% (1/2)">
              <conditions>
                <condition number="2550" type="jump" coverage="50%" />
              </conditions>
            </line>
            <line number="214" hits="1" branch="False" />
            <line number="218" hits="0" branch="False" />
            <line number="221" hits="1" branch="False" />
            <line number="222" hits="1" branch="False" />
            <line number="227" hits="29" branch="False" />
            <line number="228" hits="29" branch="False" />
            <line number="229" hits="0" branch="False" />
            <line number="231" hits="0" branch="False" />
            <line number="232" hits="0" branch="False" />
            <line number="235" hits="29" branch="False" />
            <line number="236" hits="29" branch="False" />
            <line number="238" hits="24" branch="False" />
            <line number="239" hits="24" branch="True" condition-coverage="100% (2/2)">
              <conditions>
                <condition number="2705" type="jump" coverage="100%" />
              </conditions>
            </line>
            <line number="241" hits="20" branch="False" />
            <line number="243" hits="4" branch="True" condition-coverage="50% (1/2)">
              <conditions>
                <condition number="2730" type="jump" coverage="50%" />
              </conditions>
            </line>
            <line number="245" hits="4" branch="False" />
            <line number="249" hits="0" branch="False" />
            <line number="250" hits="0" branch="False" />
            <line number="252" hits="24" branch="False" />
            <line number="253" hits="24" branch="False" />
            <line number="254" hits="24" branch="False" />
            <line number="256" hits="11" branch="False" />
            <line number="257" hits="11" branch="False" />
            <line number="258" hits="11" branch="False" />
            <line number="259" hits="11" branch="False" />
            <line number="263" hits="18" branch="True" condition-coverage="50% (1/2)">
              <conditions>
                <condition number="2876" type="jump" coverage="50%" />
              </conditions>
            </line>
            <line number="265" hits="18" branch="False" />
            <line number="269" hits="0" branch="False" />
            <line number="272" hits="18" branch="False" />
            <line number="273" hits="18" branch="False" />
            <line number="275" hits="9" branch="False" />
            <line number="276" hits="9" branch="False" />
            <line number="277" hits="9" branch="False" />
            <line number="280" hits="2" branch="True" condition-coverage="100% (2/2)">
              <conditions>
                <condition number="3005" type="jump" coverage="100%" />
              </conditions>
            </line>
            <line number="282" hits="1" branch="False" />
            <line number="286" hits="1" branch="False" />
            <line number="289" hits="2" branch="False" />
            <line number="290" hits="2" branch="False" />
            <line number="293" hits="18" branch="False" />
            <line number="294" hits="18" branch="False" />
            <line number="296" hits="1" branch="False" />
            <line number="297" hits="1" branch="True" condition-coverage="50% (1/2)">
              <conditions>
                <condition number="3120" type="jump" coverage="50%" />
              </conditions>
            </line>
            <line number="299" hits="1" branch="False" />
            <line number="303" hits="0" branch="False" />
            <line number="305" hits="1" branch="False" />
            <line number="306" hits="1" branch="False" />
            <line number="308" hits="1" branch="False" />
            <line number="309" hits="1" branch="True" condition-coverage="50% (1/2)">
              <conditions>
                <condition number="3226" type="jump" coverage="50%" />
              </conditions>
            </line>
            <line number="311" hits="1" branch="False" />
            <line number="315" hits="0" branch="False" />
            <line number="317" hits="1" branch="False" />
            <line number="318" hits="1" branch="False" />
            <line number="320" hits="4" branch="False" />
            <line number="322" hits="4" branch="True" condition-coverage="100% (2/2)">
              <conditions>
                <condition number="3347" type="jump" coverage="100%" />
              </conditions>
            </line>
            <line number="323" hits="2" branch="False" />
            <line number="325" hits="2" branch="False" />
            <line number="328" hits="4" branch="True" condition-coverage="50% (1/2)">
              <conditions>
                <condition number="3412" type="jump" coverage="50%" />
              </conditions>
            </line>
            <line number="329" hits="0" branch="False" />
            <line number="331" hits="4" branch="False" />
            <line number="332" hits="4" branch="False" />
            <line number="333" hits="4" branch="True" condition-coverage="25% (2/8)">
              <conditions>
                <condition number="3484" type="jump" coverage="50%" />
                <condition number="3498" type="jump" coverage="0%" />
                <condition number="3512" type="jump" coverage="0%" />
                <condition number="3526" type="jump" coverage="50%" />
              </conditions>
            </line>
            <line number="336" hits="4" branch="False" />
            <line number="337" hits="4" branch="False" />
            <line number="339" hits="0" branch="False" />
            <line number="340" hits="0" branch="False" />
            <line number="342" hits="0" branch="False" />
            <line number="343" hits="0" branch="False" />
            <line number="345" hits="0" branch="False" />
            <line number="348" hits="4" branch="False" />
            <line number="349" hits="4" branch="False" />
            <line number="350" hits="4" branch="False" />
            <line number="351" hits="4" branch="False" />
            <line number="352" hits="4" branch="False" />
            <line number="353" hits="4" branch="False" />
            <line number="358" hits="20" branch="True" condition-coverage="83.33% (5/6)">
              <conditions>
                <condition number="3642" type="jump" coverage="100%" />
                <condition number="3656" type="jump" coverage="100%" />
                <condition number="3670" type="jump" coverage="50%" />
              </conditions>
            </line>
            <line number="361" hits="8" branch="False" />
            <line number="362" hits="8" branch="False" />
            <line number="364" hits="11" branch="False" />
            <line number="365" hits="11" branch="False" />
            <line number="367" hits="1" branch="False" />
            <line number="368" hits="1" branch="False" />
            <line number="370" hits="0" branch="False" />
            <line number="373" hits="20" branch="False" />
            <line number="376" hits="20" branch="True" condition-coverage="100% (2/2)">
              <conditions>
                <condition number="3743" type="jump" coverage="100%" />
              </conditions>
            </line>
            <line number="377" hits="13" branch="False" />
            <line number="379" hits="7" branch="False" />
            <line number="380" hits="20" branch="False" />
            <line number="381" hits="20" branch="False" />
            <line number="383" hits="5" branch="False" />
            <line number="384" hits="5" branch="False" />
            <line number="385" hits="5" branch="False" />
            <line number="387" hits="0" branch="False" />
            <line number="389" hits="422" branch="False" />
            <line number="390" hits="0" branch="False" />
            <line number="392" hits="0" branch="False" />
            <line number="393" hits="0" branch="False" />
            <line number="395" hits="422" branch="False" />
            <line number="396" hits="422" branch="False" />
            <line number="398" hits="17" branch="False" />
            <line number="399" hits="17" branch="False" />
            <line number="406" hits="44" branch="True" condition-coverage="46.37% (32/69)">
              <conditions>
                <condition number="1" type="jump" coverage="50%" />
                <condition number="16" type="switch" coverage="57.14%" />
                <condition number="61" type="jump" coverage="100%" />
                <condition number="66" type="jump" coverage="100%" />
                <condition number="87" type="jump" coverage="100%" />
                <condition number="95" type="jump" coverage="50%" />
                <condition number="121" type="jump" coverage="100%" />
                <condition number="129" type="jump" coverage="100%" />
                <condition number="158" type="jump" coverage="50%" />
                <condition number="163" type="jump" coverage="50%" />
                <condition number="184" type="jump" coverage="0%" />
                <condition number="103" type="jump" coverage="50%" />
                <condition number="255" type="jump" coverage="50%" />
                <condition number="74" type="jump" coverage="50%" />
                <condition number="137" type="jump" coverage="50%" />
                <condition number="394" type="jump" coverage="100%" />
                <condition number="192" type="jump" coverage="0%" />
                <condition number="171" type="jump" coverage="0%" />
                <condition number="213" type="jump" coverage="50%" />
                <condition number="234" type="jump" coverage="50%" />
                <condition number="292" type="jump" coverage="50%" />
                <condition number="271" type="jump" coverage="0%" />
                <condition number="313" type="jump" coverage="0%" />
                <condition number="334" type="jump" coverage="50%" />
                <condition number="355" type="jump" coverage="50%" />
                <condition number="376" type="jump" coverage="50%" />
                <condition number="467" type="jump" coverage="50%" />
                <condition number="407" type="jump" coverage="50%" />
                <condition number="482" type="jump" coverage="0%" />
                <condition number="422" type="jump" coverage="0%" />
                <condition number="437" type="jump" coverage="0%" />
                <condition number="452" type="jump" coverage="0%" />
              </conditions>
            </line>
            <line number="408" hits="18" branch="False" />
            <line number="410" hits="45" branch="False" />
            <line number="412" hits="6" branch="False" />
            <line number="414" hits="0" branch="False" />
            <line number="416" hits="0" branch="False" />
            <line number="418" hits="3" branch="False" />
            <line number="420" hits="11" branch="False" />
            <line number="422" hits="11" branch="False" />
            <line number="424" hits="15" branch="False" />
            <line number="426" hits="18" branch="False" />
            <line number="428" hits="3" branch="False" />
            <line number="430" hits="0" branch="False" />
            <line number="432" hits="0" branch="False" />
            <line number="434" hits="0" branch="False" />
            <line number="436" hits="0" branch="False" />
            <line number="438" hits="0" branch="False" />
            <line number="443" hits="96" branch="False" />
            <line number="444" hits="96" branch="False" />
            <line number="446" hits="96" branch="False" />
            <line number="448" hits="96" branch="False" />
            <line number="453" hits="8" branch="False" />
            <line number="455" hits="8" branch="False" />
            <line number="456" hits="8" branch="False" />
            <line number="6" hits="17" branch="False" />
            <line number="8" hits="17" branch="False" />
            <line number="10" hits="17" branch="False" />
            <line number="11" hits="17" branch="False" />
          </lines>
        </class>
        <class name="Raptor.VerificationException" filename="BytecodeVerifier.cs" line-rate="1" branch-rate="1" complexity="1">
          <methods>
            <method name=".ctor" signature="(System.String)" line-rate="1" branch-rate="1" complexity="1">
              <lines>
                <line number="8" hits="12" branch="False" />
              </lines>
            </method>
          </methods>
          <lines>
            <line number="8" hits="12" branch="False" />
          </lines>
        </class>
        <class name="Raptor.BytecodeVerifier" filename="BytecodeVerifier.cs" line-rate="0.5939" branch-rate="0.795" complexity="122">
          <methods>
            <method name="Verify" signature="(Raptor.VMChunk,System.Int32)" line-rate="0.5714" branch-rate="0.7881" complexity="118">
              <lines>
                <line number="15" hits="17" branch="True" condition-coverage="50% (1/2)">
                  <conditions>
                    <condition number="1" type="jump" coverage="50%" />
                  </conditions>
                </line>
                <line number="17" hits="0" branch="False" />
                <line number="20" hits="17" branch="True" condition-coverage="100% (4/4)">
                  <conditions>
                    <condition number="20" type="jump" coverage="100%" />
                    <condition number="29" type="jump" coverage="100%" />
                  </conditions>
                </line>
                <line number="22" hits="1" branch="False" />
                <line number="25" hits="16" branch="False" />
                <line number="26" hits="16" branch="False" />
                <line number="27" hits="16" branch="False" />
                <line number="30" hits="148" branch="True" condition-coverage="100% (2/2)">
                  <conditions>
                    <condition number="348" type="jump" coverage="100%" />
                  </conditions>
                </line>
                <line number="32" hits="59" branch="False" />
                <line number="33" hits="59" branch="False" />
                <line number="35" hits="59" branch="True" condition-coverage="100% (2/2)">
                  <conditions>
                    <condition number="109" type="jump" coverage="100%" />
                  </conditions>
                </line>
                <line number="37" hits="3" branch="True" condition-coverage="50% (1/2)">
                  <conditions>
                    <condition number="118" type="jump" coverage="50%" />
                  </conditions>
                </line>
                <line number="39" hits="0" branch="False" />
                <line number="40" hits="0" branch="False" />
                <line number="41" hits="0" branch="False" />
                <line number="43" hits="3" branch="True" condition-coverage="100% (2/2)">
                  <conditions>
                    <condition number="181" type="jump" coverage="100%" />
                  </conditions>
                </line>
                <line number="45" hits="1" branch="False" />
                <line number="46" hits="1" branch="False" />
                <line number="47" hits="1" branch="False" />
                <line number="50" hits="2" branch="False" />
                <line number="51" hits="2" branch="False" />
                <line number="52" hits="2" branch="True" condition-coverage="50% (1/2)">
                  <conditions>
                    <condition number="273" type="jump" coverage="50%" />
                  </conditions>
                </line>
                <line number="54" hits="0" branch="False" />
                <line number="55" hits="0" branch="False" />
                <line number="56" hits="0" branch="False" />
                <line number="59" hits="2" branch="False" />
                <line number="63" hits="134" branch="True" condition-coverage="100% (2/2)">
                  <conditions>
                    <condition number="2530" type="jump" coverage="100%" />
                  </conditions>
                </line>
                <line number="65" hits="55" branch="True" condition-coverage="100% (2/2)">
                  <conditions>
                    <condition number="365" type="jump" coverage="100%" />
                  </conditions>
                </line>
                <line number="70" hits="54" branch="False" />
                <line number="71" hits="54" branch="True" condition-coverage="93.75% (30/32)">
                  <conditions>
                    <condition number="399" type="switch" coverage="93.75%" />
                  </conditions>
                </line>
                <line number="92" hits="9" branch="False" />
                <line number="93" hits="8" branch="False" />
                <line number="94" hits="8" branch="False" />
                <line number="101" hits="3" branch="False" />
                <line number="102" hits="3" branch="False" />
                <line number="106" hits="0" branch="False" />
                <line number="107" hits="0" branch="False" />
                <line number="110" hits="1" branch="False" />
                <line number="111" hits="1" branch="True" condition-coverage="92.85% (13/14)">
                  <conditions>
                    <condition number="717" type="jump" coverage="100%" />
                    <condition number="721" type="jump" coverage="100%" />
                    <condition number="743" type="jump" coverage="50%" />
                    <condition number="727" type="jump" coverage="100%" />
                    <condition number="753" type="switch" coverage="100%" />
                  </conditions>
                </line>
                <line number="119" hits="18" branch="True" condition-coverage="50% (1/2)">
                  <conditions>
                    <condition number="800" type="jump" coverage="50%" />
                  </conditions>
                </line>
                <line number="121" hits="0" branch="False" />
                <line number="122" hits="0" branch="False" />
                <line number="123" hits="0" branch="False" />
                <line number="129" hits="2" branch="False" />
                <line number="130" hits="2" branch="True" condition-coverage="100% (4/4)">
                  <conditions>
                    <condition number="950" type="jump" coverage="100%" />
                    <condition number="955" type="jump" coverage="100%" />
                  </conditions>
                </line>
                <line number="132" hits="1" branch="False" />
                <line number="133" hits="1" branch="False" />
                <line number="134" hits="1" branch="False" />
                <line number="136" hits="1" branch="True" condition-coverage="100% (2/2)">
                  <conditions>
                    <condition number="1059" type="jump" coverage="100%" />
                  </conditions>
                </line>
                <line number="138" hits="1" branch="False" />
                <line number="139" hits="1" branch="False" />
                <line number="140" hits="1" branch="False" />
                <line number="147" hits="1" branch="False" />
                <line number="148" hits="1" branch="False" />
                <line number="149" hits="1" branch="True" condition-coverage="50% (2/4)">
                  <conditions>
                    <condition number="1195" type="jump" coverage="50%" />
                    <condition number="1200" type="jump" coverage="50%" />
                  </conditions>
                </line>
                <line number="151" hits="0" branch="False" />
                <line number="152" hits="0" branch="False" />
                <line number="153" hits="0" branch="False" />
                <line number="155" hits="1" branch="True" condition-coverage="50% (1/2)">
                  <conditions>
                    <condition number="1283" type="jump" coverage="50%" />
                  </conditions>
                </line>
                <line number="157" hits="0" branch="False" />
                <line number="158" hits="0" branch="False" />
                <line number="159" hits="0" branch="False" />
                <line number="162" hits="1" branch="False" />
                <line number="163" hits="1" branch="True" condition-coverage="50% (1/2)">
                  <conditions>
                    <condition number="1374" type="jump" coverage="50%" />
                  </conditions>
                </line>
                <line number="165" hits="0" branch="False" />
                <line number="166" hits="0" branch="False" />
                <line number="167" hits="0" branch="False" />
                <line number="175" hits="0" branch="True" condition-coverage="0% (0/2)">
                  <conditions>
                    <condition number="1461" type="jump" coverage="0%" />
                  </conditions>
                </line>
                <line number="177" hits="0" branch="False" />
                <line number="178" hits="0" branch="False" />
                <line number="179" hits="0" branch="False" />
                <line number="181" hits="0" branch="True" condition-coverage="0% (0/2)">
                  <conditions>
                    <condition number="1546" type="jump" coverage="0%" />
                  </conditions>
                </line>
                <line number="183" hits="0" branch="False" />
                <line number="184" hits="0" branch="False" />
                <line number="185" hits="0" branch="False" />
                <line number="187" hits="0" branch="True" condition-coverage="0% (0/2)">
                  <conditions>
                    <condition number="1653" type="jump" coverage="0%" />
                  </conditions>
                </line>
                <line number="189" hits="0" branch="False" />
                <line number="190" hits="0" branch="False" />
                <line number="191" hits="0" branch="False" />
                <line number="193" hits="0" branch="True" condition-coverage="50% (1/2)">
                  <conditions>
                    <condition number="1738" type="jump" coverage="50%" />
                  </conditions>
                </line>
                <line number="195" hits="0" branch="False" />
                <line number="196" hits="0" branch="False" />
                <line number="197" hits="0" branch="False" />
                <line number="203" hits="6" branch="False" />
                <line number="204" hits="6" branch="True" condition-coverage="50% (1/2)">
                  <conditions>
                    <condition number="1862" type="jump" coverage="50%" />
                  </conditions>
                </line>
                <line number="206" hits="0" branch="False" />
                <line number="207" hits="0" branch="False" />
                <line number="208" hits="0" branch="False" />
                <line number="210" hits="6" branch="False" />
                <line number="211" hits="6" branch="True" condition-coverage="100% (2/2)">
                  <conditions>
                    <condition number="2008" type="jump" coverage="100%" />
                  </conditions>
                </line>
                <line number="216" hits="2" branch="True" condition-coverage="50% (1/2)">
                  <conditions>
                    <condition number="2018" type="jump" coverage="50%" />
                  </conditions>
                </line>
                <line number="218" hits="0" branch="False" />
                <line number="219" hits="0" branch="False" />
                <line number="220" hits="0" branch="False" />
                <line number="222" hits="2" branch="True" condition-coverage="50% (1/2)">
                  <conditions>
                    <condition number="2101" type="jump" coverage="50%" />
                  </conditions>
                </line>
                <line number="224" hits="0" branch="False" />
                <line number="225" hits="0" branch="False" />
                <line number="226" hits="0" branch="False" />
                <line number="233" hits="2" branch="False" />
                <line number="234" hits="2" branch="True" condition-coverage="100% (2/2)">
                  <conditions>
                    <condition number="2199" type="jump" coverage="100%" />
                  </conditions>
                </line>
                <line number="236" hits="1" branch="False" />
                <line number="237" hits="1" branch="True" condition-coverage="100% (2/2)">
                  <conditions>
                    <condition number="2226" type="jump" coverage="100%" />
                  </conditions>
                </line>
                <line number="239" hits="1" branch="False" />
                <line number="240" hits="1" branch="True" condition-coverage="50% (1/2)">
                  <conditions>
                    <condition number="2253" type="jump" coverage="50%" />
                  </conditions>
                </line>
                <line number="242" hits="0" branch="False" />
                <line number="243" hits="0" branch="False" />
                <line number="244" hits="0" branch="False" />
                <line number="246" hits="1" branch="True" condition-coverage="50% (1/2)">
                  <conditions>
                    <condition number="2367" type="jump" coverage="50%" />
                  </conditions>
                </line>
                <line number="248" hits="0" branch="False" />
                <line number="249" hits="0" branch="False" />
                <line number="250" hits="0" branch="False" />
                <line number="260" hits="12" branch="False" />
                <line number="261" hits="12" branch="True" condition-coverage="75% (3/4)">
                  <conditions>
                    <condition number="2552" type="jump" coverage="50%" />
                    <condition number="2547" type="jump" coverage="100%" />
                  </conditions>
                </line>
                <line number="263" hits="0" branch="False" />
                <line number="265" hits="12" branch="True" condition-coverage="50% (1/2)">
                  <conditions>
                    <condition number="2556" type="jump" coverage="50%" />
                  </conditions>
                </line>
                <line number="267" hits="0" branch="False" />
                <line number="269" hits="12" branch="False" />
                <line number="270" hits="12" branch="True" condition-coverage="100% (6/6)">
                  <conditions>
                    <condition number="2593" type="jump" coverage="100%" />
                    <condition number="2604" type="jump" coverage="100%" />
                    <condition number="2615" type="jump" coverage="100%" />
                  </conditions>
                </line>
                <line number="271" hits="12" branch="False" />
                <line number="272" hits="12" branch="False" />
                <line number="273" hits="12" branch="False" />
                <line number="274" hits="12" branch="False" />
                <line number="276" hits="1" branch="False" />
                <line number="277" hits="1" branch="False" />
                <line number="278" hits="1" branch="False" />
                <line number="280" hits="11" branch="False" />
              </lines>
            </method>
            <method name="VerifyRcOperand" signature="(System.UInt16,System.Int32,System.Int32,System.String,Raptor.OpCode)" line-rate="1" branch-rate="1" complexity="4">
              <lines>
                <line number="290" hits="22" branch="True" condition-coverage="100% (2/2)">
                  <conditions>
                    <condition number="6" type="jump" coverage="100%" />
                  </conditions>
                </line>
                <line number="292" hits="3" branch="False" />
                <line number="293" hits="3" branch="True" condition-coverage="100% (2/2)">
                  <conditions>
                    <condition number="21" type="jump" coverage="100%" />
                  </conditions>
                </line>
                <line number="295" hits="1" branch="False" />
                <line number="296" hits="1" branch="False" />
                <line number="297" hits="1" branch="False" />
                <line number="300" hits="21" branch="False" />
              </lines>
            </method>
          </methods>
          <lines>
            <line number="15" hits="17" branch="True" condition-coverage="50% (1/2)">
              <conditions>
                <condition number="1" type="jump" coverage="50%" />
              </conditions>
            </line>
            <line number="17" hits="0" branch="False" />
            <line number="20" hits="17" branch="True" condition-coverage="100% (4/4)">
              <conditions>
                <condition number="20" type="jump" coverage="100%" />
                <condition number="29" type="jump" coverage="100%" />
              </conditions>
            </line>
            <line number="22" hits="1" branch="False" />
            <line number="25" hits="16" branch="False" />
            <line number="26" hits="16" branch="False" />
            <line number="27" hits="16" branch="False" />
            <line number="30" hits="148" branch="True" condition-coverage="100% (2/2)">
              <conditions>
                <condition number="348" type="jump" coverage="100%" />
              </conditions>
            </line>
            <line number="32" hits="59" branch="False" />
            <line number="33" hits="59" branch="False" />
            <line number="35" hits="59" branch="True" condition-coverage="100% (2/2)">
              <conditions>
                <condition number="109" type="jump" coverage="100%" />
              </conditions>
            </line>
            <line number="37" hits="3" branch="True" condition-coverage="50% (1/2)">
              <conditions>
                <condition number="118" type="jump" coverage="50%" />
              </conditions>
            </line>
            <line number="39" hits="0" branch="False" />
            <line number="40" hits="0" branch="False" />
            <line number="41" hits="0" branch="False" />
            <line number="43" hits="3" branch="True" condition-coverage="100% (2/2)">
              <conditions>
                <condition number="181" type="jump" coverage="100%" />
              </conditions>
            </line>
            <line number="45" hits="1" branch="False" />
            <line number="46" hits="1" branch="False" />
            <line number="47" hits="1" branch="False" />
            <line number="50" hits="2" branch="False" />
            <line number="51" hits="2" branch="False" />
            <line number="52" hits="2" branch="True" condition-coverage="50% (1/2)">
              <conditions>
                <condition number="273" type="jump" coverage="50%" />
              </conditions>
            </line>
            <line number="54" hits="0" branch="False" />
            <line number="55" hits="0" branch="False" />
            <line number="56" hits="0" branch="False" />
            <line number="59" hits="2" branch="False" />
            <line number="63" hits="134" branch="True" condition-coverage="100% (2/2)">
              <conditions>
                <condition number="2530" type="jump" coverage="100%" />
              </conditions>
            </line>
            <line number="65" hits="55" branch="True" condition-coverage="100% (2/2)">
              <conditions>
                <condition number="365" type="jump" coverage="100%" />
              </conditions>
            </line>
            <line number="70" hits="54" branch="False" />
            <line number="71" hits="54" branch="True" condition-coverage="93.75% (30/32)">
              <conditions>
                <condition number="399" type="switch" coverage="93.75%" />
              </conditions>
            </line>
            <line number="92" hits="9" branch="False" />
            <line number="93" hits="8" branch="False" />
            <line number="94" hits="8" branch="False" />
            <line number="101" hits="3" branch="False" />
            <line number="102" hits="3" branch="False" />
            <line number="106" hits="0" branch="False" />
            <line number="107" hits="0" branch="False" />
            <line number="110" hits="1" branch="False" />
            <line number="111" hits="1" branch="True" condition-coverage="92.85% (13/14)">
              <conditions>
                <condition number="717" type="jump" coverage="100%" />
                <condition number="721" type="jump" coverage="100%" />
                <condition number="743" type="jump" coverage="50%" />
                <condition number="727" type="jump" coverage="100%" />
                <condition number="753" type="switch" coverage="100%" />
              </conditions>
            </line>
            <line number="119" hits="18" branch="True" condition-coverage="50% (1/2)">
              <conditions>
                <condition number="800" type="jump" coverage="50%" />
              </conditions>
            </line>
            <line number="121" hits="0" branch="False" />
            <line number="122" hits="0" branch="False" />
            <line number="123" hits="0" branch="False" />
            <line number="129" hits="2" branch="False" />
            <line number="130" hits="2" branch="True" condition-coverage="100% (4/4)">
              <conditions>
                <condition number="950" type="jump" coverage="100%" />
                <condition number="955" type="jump" coverage="100%" />
              </conditions>
            </line>
            <line number="132" hits="1" branch="False" />
            <line number="133" hits="1" branch="False" />
            <line number="134" hits="1" branch="False" />
            <line number="136" hits="1" branch="True" condition-coverage="100% (2/2)">
              <conditions>
                <condition number="1059" type="jump" coverage="100%" />
              </conditions>
            </line>
            <line number="138" hits="1" branch="False" />
            <line number="139" hits="1" branch="False" />
            <line number="140" hits="1" branch="False" />
[...]
            <line number="846" hits="8381323" branch="False" />
            <line number="852" hits="4194304" branch="False" />
            <line number="853" hits="4194304" branch="False" />
            <line number="854" hits="4194304" branch="True" condition-coverage="50% (1/2)">
              <conditions>
                <condition number="22" type="jump" coverage="50%" />
              </conditions>
            </line>
            <line number="860" hits="4194304" branch="False" />
            <line number="861" hits="4194304" branch="False" />
            <line number="862" hits="4194304" branch="False" />
            <line number="863" hits="4194304" branch="False" />
            <line number="864" hits="4194304" branch="False" />
            <line number="865" hits="4194304" branch="False" />
            <line number="866" hits="4194304" branch="False" />
            <line number="867" hits="4194304" branch="False" />
            <line number="868" hits="4194304" branch="False" />
            <line number="874" hits="252058" branch="False" />
            <line number="875" hits="252058" branch="False" />
            <line number="876" hits="252058" branch="False" />
            <line number="878" hits="252058" branch="False" />
            <line number="879" hits="252058" branch="True" condition-coverage="100% (2/2)">
              <conditions>
                <condition number="50" type="jump" coverage="100%" />
              </conditions>
            </line>
            <line number="880" hits="252058" branch="False" />
            <line number="881" hits="252058" branch="True" condition-coverage="50% (1/2)">
              <conditions>
                <condition number="99" type="jump" coverage="50%" />
              </conditions>
            </line>
            <line number="882" hits="252058" branch="False" />
            <line number="883" hits="252058" branch="False" />
            <line number="884" hits="252058" branch="False" />
            <line number="885" hits="252058" branch="False" />
            <line number="886" hits="252058" branch="False" />
            <line number="887" hits="252058" branch="True" condition-coverage="40% (2/5)">
              <conditions>
                <condition number="206" type="switch" coverage="40%" />
              </conditions>
            </line>
            <line number="891" hits="252058" branch="False" />
            <line number="892" hits="252058" branch="False" />
            <line number="894" hits="0" branch="False" />
            <line number="895" hits="0" branch="False" />
            <line number="897" hits="0" branch="False" />
            <line number="898" hits="0" branch="False" />
            <line number="900" hits="0" branch="False" />
            <line number="903" hits="252058" branch="True" condition-coverage="100% (2/2)">
              <conditions>
                <condition number="271" type="jump" coverage="100%" />
              </conditions>
            </line>
            <line number="905" hits="252055" branch="False" />
            <line number="906" hits="252055" branch="False" />
            <line number="908" hits="252058" branch="False" />
            <line number="919" hits="8" branch="False" />
            <line number="920" hits="8" branch="False" />
            <line number="922" hits="8" branch="True" condition-coverage="100% (2/2)">
              <conditions>
                <condition number="22" type="jump" coverage="100%" />
              </conditions>
            </line>
            <line number="923" hits="8" branch="False" />
            <line number="924" hits="8" branch="False" />
            <line number="925" hits="8" branch="False" />
            <line number="926" hits="8" branch="False" />
            <line number="927" hits="8" branch="False" />
            <line number="928" hits="8" branch="False" />
            <line number="929" hits="13" branch="True" condition-coverage="100% (2/2)">
              <conditions>
                <condition number="128" type="jump" coverage="100%" />
              </conditions>
            </line>
            <line number="931" hits="12" branch="False" />
            <line number="932" hits="12" branch="False" />
            <line number="933" hits="12" branch="False" />
            <line number="934" hits="12" branch="False" />
            <line number="935" hits="12" branch="True" condition-coverage="100% (2/2)">
              <conditions>
                <condition number="123" type="jump" coverage="100%" />
              </conditions>
            </line>
            <line number="938" hits="8" branch="True" condition-coverage="100% (4/4)">
              <conditions>
                <condition number="133" type="jump" coverage="100%" />
                <condition number="138" type="jump" coverage="100%" />
              </conditions>
            </line>
            <line number="940" hits="1" branch="False" />
            <line number="941" hits="1" branch="False" />
            <line number="942" hits="1" branch="False" />
            <line number="943" hits="1" branch="False" />
            <line number="944" hits="1" branch="False" />
            <line number="947" hits="7" branch="True" condition-coverage="50% (1/2)">
              <conditions>
                <condition number="175" type="jump" coverage="50%" />
              </conditions>
            </line>
            <line number="949" hits="7" branch="True" condition-coverage="100% (2/2)">
              <conditions>
                <condition number="179" type="jump" coverage="100%" />
              </conditions>
            </line>
            <line number="950" hits="2" branch="False" />
            <line number="953" hits="5" branch="False" />
            <line number="956" hits="7" branch="False" />
            <line number="957" hits="7" branch="False" />
            <line number="958" hits="7" branch="False" />
            <line number="959" hits="7" branch="False" />
            <line number="960" hits="7" branch="False" />
            <line number="964" hits="0" branch="True" condition-coverage="0% (0/2)">
              <conditions>
                <condition number="293" type="jump" coverage="0%" />
              </conditions>
            </line>
            <line number="965" hits="0" branch="False" />
            <line number="967" hits="0" branch="False" />
            <line number="968" hits="0" branch="False" />
            <line number="969" hits="0" branch="False" />
            <line number="970" hits="0" branch="False" />
            <line number="972" hits="7" branch="False" />
            <line number="978" hits="5" branch="False" />
            <line number="979" hits="5" branch="False" />
            <line number="980" hits="5" branch="True" condition-coverage="50% (1/2)">
              <conditions>
                <condition number="33" type="jump" coverage="50%" />
              </conditions>
            </line>
            <line number="981" hits="0" branch="False" />
            <line number="982" hits="5" branch="False" />
            <line number="983" hits="5" branch="False" />
            <line number="984" hits="5" branch="False" />
            <line number="985" hits="5" branch="False" />
            <line number="986" hits="6" branch="True" condition-coverage="100% (4/4)">
              <conditions>
                <condition number="101" type="jump" coverage="100%" />
                <condition number="96" type="jump" coverage="100%" />
              </conditions>
            </line>
            <line number="988" hits="1" branch="False" />
            <line number="989" hits="1" branch="False" />
            <line number="991" hits="5" branch="False" />
            <line number="992" hits="5" branch="False" />
            <line number="993" hits="5" branch="True" condition-coverage="100% (2/2)">
              <conditions>
                <condition number="131" type="jump" coverage="100%" />
              </conditions>
            </line>
            <line number="994" hits="4" branch="False" />
            <line number="996" hits="1" branch="False" />
            <line number="998" hits="5" branch="True" condition-coverage="75% (3/4)">
              <conditions>
                <condition number="157" type="jump" coverage="100%" />
                <condition number="164" type="jump" coverage="50%" />
              </conditions>
            </line>
            <line number="1000" hits="0" branch="False" />
            <line number="1002" hits="0" branch="False" />
            <line number="1003" hits="0" branch="False" />
            <line number="1005" hits="0" branch="False" />
            <line number="1006" hits="0" branch="False" />
            <line number="1008" hits="0" branch="False" />
            <line number="1010" hits="5" branch="True" condition-coverage="100% (2/2)">
              <conditions>
                <condition number="231" type="jump" coverage="100%" />
              </conditions>
            </line>
            <line number="1012" hits="1" branch="False" />
            <line number="1014" hits="1" branch="True" condition-coverage="100% (2/2)">
              <conditions>
                <condition number="254" type="jump" coverage="100%" />
              </conditions>
            </line>
            <line number="1016" hits="1" branch="False" />
            <line number="1018" hits="1" branch="False" />
            <line number="1019" hits="1" branch="False" />
            <line number="1022" hits="5" branch="False" />
            <line number="1023" hits="5" branch="False" />
            <line number="1029" hits="15" branch="False" />
            <line number="1030" hits="15" branch="False" />
            <line number="1031" hits="15" branch="False" />
            <line number="1032" hits="15" branch="True" condition-coverage="100% (2/2)">
              <conditions>
                <condition number="30" type="jump" coverage="100%" />
              </conditions>
            </line>
            <line number="1033" hits="15" branch="False" />
            <line number="1034" hits="15" branch="False" />
            <line number="1035" hits="15" branch="True" condition-coverage="100% (2/2)">
              <conditions>
                <condition number="79" type="jump" coverage="100%" />
              </conditions>
            </line>
            <line number="1036" hits="15" branch="False" />
            <line number="1037" hits="15" branch="False" />
            <line number="1038" hits="15" branch="False" />
            <line number="1039" hits="15" branch="False" />
            <line number="1045" hits="18" branch="False" />
            <line number="1046" hits="18" branch="False" />
            <line number="1047" hits="18" branch="False" />
            <line number="1048" hits="18" branch="True" condition-coverage="50% (1/2)">
              <conditions>
                <condition number="30" type="jump" coverage="50%" />
              </conditions>
            </line>
            <line number="1049" hits="18" branch="False" />
            <line number="1050" hits="18" branch="False" />
            <line number="1051" hits="18" branch="True" condition-coverage="50% (1/2)">
              <conditions>
                <condition number="79" type="jump" coverage="50%" />
              </conditions>
            </line>
            <line number="1052" hits="18" branch="False" />
            <line number="1053" hits="18" branch="False" />
            <line number="1054" hits="18" branch="False" />
            <line number="1055" hits="18" branch="False" />
            <line number="1056" hits="18" branch="False" />
            <line number="1062" hits="33655742" branch="False" />
            <line number="1063" hits="33655742" branch="False" />
            <line number="1064" hits="33655742" branch="False" />
            <line number="1065" hits="33655742" branch="False" />
            <line number="1066" hits="33655742" branch="True" condition-coverage="50% (1/2)">
              <conditions>
                <condition number="52" type="jump" coverage="50%" />
              </conditions>
            </line>
            <line number="1067" hits="33655742" branch="False" />
            <line number="1068" hits="33655742" branch="False" />
            <line number="1070" hits="33655742" branch="False" />
            <line number="1071" hits="33655742" branch="False" />
            <line number="1077" hits="18" branch="False" />
            <line number="1078" hits="18" branch="False" />
            <line number="1079" hits="18" branch="False" />
            <line number="1080" hits="18" branch="False" />
            <line number="1081" hits="18" branch="True" condition-coverage="50% (1/2)">
              <conditions>
                <condition number="52" type="jump" coverage="50%" />
              </conditions>
            </line>
            <line number="1082" hits="18" branch="False" />
            <line number="1083" hits="18" branch="False" />
            <line number="1085" hits="18" branch="False" />
            <line number="1086" hits="18" branch="False" />
            <line number="1092" hits="12582912" branch="False" />
            <line number="1093" hits="12582912" branch="False" />
            <line number="1094" hits="12582912" branch="True" condition-coverage="50% (1/2)">
              <conditions>
                <condition number="22" type="jump" coverage="50%" />
              </conditions>
            </line>
            <line number="1095" hits="12582912" branch="False" />
            <line number="1096" hits="12582912" branch="True" condition-coverage="50% (1/2)">
              <conditions>
                <condition number="78" type="jump" coverage="50%" />
              </conditions>
            </line>
            <line number="1097" hits="12582912" branch="False" />
            <line number="1098" hits="12582912" branch="False" />
            <line number="1104" hits="0" branch="False" />
            <line number="1105" hits="0" branch="False" />
            <line number="1106" hits="0" branch="True" condition-coverage="0% (0/2)">
              <conditions>
                <condition number="22" type="jump" coverage="0%" />
              </conditions>
            </line>
            <line number="1107" hits="0" branch="False" />
            <line number="1108" hits="0" branch="True" condition-coverage="0% (0/2)">
              <conditions>
                <condition number="78" type="jump" coverage="0%" />
              </conditions>
            </line>
            <line number="1109" hits="0" branch="False" />
            <line number="1110" hits="0" branch="False" />
            <line number="1116" hits="0" branch="False" />
            <line number="1117" hits="0" branch="False" />
            <line number="1118" hits="0" branch="True" condition-coverage="0% (0/2)">
              <conditions>
                <condition number="22" type="jump" coverage="0%" />
              </conditions>
            </line>
            <line number="1119" hits="0" branch="False" />
            <line number="1120" hits="0" branch="True" condition-coverage="0% (0/2)">
              <conditions>
                <condition number="78" type="jump" coverage="0%" />
              </conditions>
            </line>
            <line number="1121" hits="0" branch="False" />
            <line number="1122" hits="0" branch="False" />
            <line number="1128" hits="0" branch="False" />
            <line number="1129" hits="0" branch="False" />
            <line number="1130" hits="0" branch="True" condition-coverage="0% (0/2)">
              <conditions>
                <condition number="22" type="jump" coverage="0%" />
              </conditions>
            </line>
            <line number="1131" hits="0" branch="False" />
            <line number="1132" hits="0" branch="True" condition-coverage="0% (0/2)">
              <conditions>
                <condition number="78" type="jump" coverage="0%" />
              </conditions>
            </line>
            <line number="1133" hits="0" branch="False" />
            <line number="1134" hits="0" branch="False" />
            <line number="1140" hits="0" branch="False" />
            <line number="1141" hits="0" branch="False" />
            <line number="1142" hits="0" branch="True" condition-coverage="0% (0/2)">
              <conditions>
                <condition number="22" type="jump" coverage="0%" />
              </conditions>
            </line>
            <line number="1143" hits="0" branch="False" />
            <line number="1144" hits="0" branch="True" condition-coverage="0% (0/2)">
              <conditions>
                <condition number="78" type="jump" coverage="0%" />
              </conditions>
            </line>
            <line number="1145" hits="0" branch="False" />
            <line number="1146" hits="0" branch="False" />
            <line number="19" hits="16" branch="False" />
            <line number="20" hits="16" branch="False" />
            <line number="21" hits="16" branch="False" />
            <line number="23" hits="16" branch="False" />
            <line number="17" hits="1" branch="False" />
          </lines>
        </class>
        <class name="Raptor.VMChunk" filename="VMChunk.cs" line-rate="1" branch-rate="1" complexity="7">
          <methods>
            <method name="get_Instructions" signature="()" line-rate="1" branch-rate="1" complexity="1">
              <lines>
                <line number="9" hits="276" branch="False" />
              </lines>
            </method>
            <method name="get_Constants" signature="()" line-rate="1" branch-rate="1" complexity="1">
              <lines>
                <line number="10" hits="3586" branch="False" />
              </lines>
            </method>
            <method name="get_MethodTable" signature="()" line-rate="1" branch-rate="1" complexity="1">
              <lines>
                <line number="11" hits="1095" branch="False" />
              </lines>
            </method>
            <method name="SetConstant" signature="(System.Double)" line-rate="1" branch-rate="1" complexity="4">
              <lines>
                <line number="19" hits="4944" branch="True" condition-coverage="100% (2/2)">
                  <conditions>
                    <condition number="30" type="jump" coverage="100%" />
                  </conditions>
                </line>
                <line number="21" hits="2391" branch="True" condition-coverage="100% (2/2)">
                  <conditions>
                    <condition number="13" type="jump" coverage="100%" />
                  </conditions>
                </line>
                <line number="23" hits="126" branch="False" />
                <line number="26" hits="81" branch="False" />
                <line number="27" hits="81" branch="False" />
              </lines>
            </method>
          </methods>
          <lines>
            <line number="9" hits="276" branch="False" />
            <line number="10" hits="3586" branch="False" />
            <line number="11" hits="1095" branch="False" />
            <line number="19" hits="4944" branch="True" condition-coverage="100% (2/2)">
              <conditions>
                <condition number="30" type="jump" coverage="100%" />
              </conditions>
            </line>
            <line number="21" hits="2391" branch="True" condition-coverage="100% (2/2)">
              <conditions>
                <condition number="13" type="jump" coverage="100%" />
              </conditions>
            </line>
            <line number="23" hits="126" branch="False" />
            <line number="26" hits="81" branch="False" />
            <line number="27" hits="81" branch="False" />
          </lines>
        </class>
      </classes>
    </package>
  </packages>
</coverage>